# JRE version: OpenJDK Runtime Environment (8.0_152-b06) (build 1.8.0_152-release-1136-b06)
# Java VM: OpenJDK 64-Bit Server VM (25.152-b06 mixed mode windows-amd64 compressed oops)
Heap:
 PSYoungGen      total 257024K, used 247990K [0x00000000e0000000, 0x00000000f4880000, 0x0000000100000000)
  eden space 250368K, 96% used [0x00000000e0000000,0x00000000eebbdfa0,0x00000000ef480000)
  from space 6656K, 99% used [0x00000000f4200000,0x00000000f486fc50,0x00000000f4880000)
  to   space 30208K, 0% used [0x00000000f0d80000,0x00000000f0d80000,0x00000000f2b00000)
 ParOldGen       total 131072K, used 67633K [0x00000000a0000000, 0x00000000a8000000, 0x00000000e0000000)
  object space 131072K, 51% used [0x00000000a0000000,0x00000000a420c440,0x00000000a8000000)
 Metaspace       used 83707K, capacity 87972K, committed 88064K, reserved 1126400K
  class space    used 10822K, capacity 11695K, committed 11776K, reserved 1048576K
GC Heap History (10 events):
Event: 6.734 GC heap before
{Heap before GC invocations=13 (full 3):
 PSYoungGen      total 239616K, used 17909K [0x00000000e0000000, 0x00000000f0400000, 0x0000000100000000)
  eden space 221696K, 0% used [0x00000000e0000000,0x00000000e0000000,0x00000000ed880000)
  from space 17920K, 99% used [0x00000000eed80000,0x00000000efefd798,0x00000000eff00000)
  to   space 21504K, 0% used [0x00000000ed880000,0x00000000ed880000,0x00000000eed80000)
 ParOldGen       total 85504K, used 24926K [0x00000000a0000000, 0x00000000a5380000, 0x00000000e0000000)
  object space 85504K, 29% used [0x00000000a0000000,0x00000000a1857b48,0x00000000a5380000)
 Metaspace       used 57197K, capacity 58918K, committed 59028K, reserved 1099776K
  class space    used 7760K, capacity 8190K, committed 8192K, reserved 1048576K
Event: 6.933 GC heap after
Heap after GC invocations=13 (full 3):
 PSYoungGen      total 239616K, used 0K [0x00000000e0000000, 0x00000000f0400000, 0x0000000100000000)
  eden space 221696K, 0% used [0x00000000e0000000,0x00000000e0000000,0x00000000ed880000)
  from space 17920K, 0% used [0x00000000eed80000,0x00000000eed80000,0x00000000eff00000)
  to   space 21504K, 0% used [0x00000000ed880000,0x00000000ed880000,0x00000000eed80000)
 ParOldGen       total 131072K, used 35502K [0x00000000a0000000, 0x00000000a8000000, 0x00000000e0000000)
  object space 131072K, 27% used [0x00000000a0000000,0x00000000a22aba30,0x00000000a8000000)
 Metaspace       used 57197K, capacity 58918K, committed 59028K, reserved 1099776K
  class space    used 7760K, capacity 8190K, committed 8192K, reserved 1048576K
}
Event: 13.055 GC heap before
{Heap before GC invocations=14 (full 3):
 PSYoungGen      total 239616K, used 221696K [0x00000000e0000000, 0x00000000f0400000, 0x0000000100000000)
  eden space 221696K, 100% used [0x00000000e0000000,0x00000000ed880000,0x00000000ed880000)
  from space 17920K, 0% used [0x00000000eed80000,0x00000000eed80000,0x00000000eff00000)
  to   space 21504K, 0% used [0x00000000ed880000,0x00000000ed880000,0x00000000eed80000)
 ParOldGen       total 131072K, used 35502K [0x00000000a0000000, 0x00000000a8000000, 0x00000000e0000000)
  object space 131072K, 27% used [0x00000000a0000000,0x00000000a22aba30,0x00000000a8000000)
 Metaspace       used 63937K, capacity 66156K, committed 66432K, reserved 1105920K
  class space    used 8495K, capacity 9048K, committed 9088K, reserved 1048576K
Event: 13.102 GC heap after
Heap after GC invocations=14 (full 3):
 PSYoungGen      total 243200K, used 20948K [0x00000000e0000000, 0x00000000f3380000, 0x0000000100000000)
  eden space 221696K, 0% used [0x00000000e0000000,0x00000000e0000000,0x00000000ed880000)
  from space 21504K, 97% used [0x00000000ed880000,0x00000000eecf5078,0x00000000eed80000)
  to   space 24064K, 0% used [0x00000000f1c00000,0x00000000f1c00000,0x00000000f3380000)
 ParOldGen       total 131072K, used 35510K [0x00000000a0000000, 0x00000000a8000000, 0x00000000e0000000)
  object space 131072K, 27% used [0x00000000a0000000,0x00000000a22ada30,0x00000000a8000000)
 Metaspace       used 63937K, capacity 66156K, committed 66432K, reserved 1105920K
  class space    used 8495K, capacity 9048K, committed 9088K, reserved 1048576K
}
Event: 16.402 GC heap before
{Heap before GC invocations=15 (full 3):
 PSYoungGen      total 243200K, used 242644K [0x00000000e0000000, 0x00000000f3380000, 0x0000000100000000)
  eden space 221696K, 100% used [0x00000000e0000000,0x00000000ed880000,0x00000000ed880000)
  from space 21504K, 97% used [0x00000000ed880000,0x00000000eecf5078,0x00000000eed80000)
  to   space 24064K, 0% used [0x00000000f1c00000,0x00000000f1c00000,0x00000000f3380000)
 ParOldGen       total 131072K, used 35510K [0x00000000a0000000, 0x00000000a8000000, 0x00000000e0000000)
  object space 131072K, 27% used [0x00000000a0000000,0x00000000a22ada30,0x00000000a8000000)
 Metaspace       used 67116K, capacity 69352K, committed 69632K, reserved 1110016K
  class space    used 8836K, capacity 9388K, committed 9472K, reserved 1048576K
Event: 16.433 GC heap after
Heap after GC invocations=15 (full 3):
 PSYoungGen      total 283648K, used 24059K [0x00000000e0000000, 0x00000000f3d80000, 0x0000000100000000)
  eden space 259584K, 0% used [0x00000000e0000000,0x00000000e0000000,0x00000000efd80000)
  from space 24064K, 99% used [0x00000000f1c00000,0x00000000f337ee78,0x00000000f3380000)
  to   space 31232K, 0% used [0x00000000efd80000,0x00000000efd80000,0x00000000f1c00000)
 ParOldGen       total 131072K, used 45411K [0x00000000a0000000, 0x00000000a8000000, 0x00000000e0000000)
  object space 131072K, 34% used [0x00000000a0000000,0x00000000a2c58ec8,0x00000000a8000000)
 Metaspace       used 67116K, capacity 69352K, committed 69632K, reserved 1110016K
  class space    used 8836K, capacity 9388K, committed 9472K, reserved 1048576K
}
Event: 5215.978 GC heap before
{Heap before GC invocations=16 (full 3):
 PSYoungGen      total 283648K, used 283643K [0x00000000e0000000, 0x00000000f3d80000, 0x0000000100000000)
  eden space 259584K, 100% used [0x00000000e0000000,0x00000000efd80000,0x00000000efd80000)
  from space 24064K, 99% used [0x00000000f1c00000,0x00000000f337ee78,0x00000000f3380000)
  to   space 31232K, 0% used [0x00000000efd80000,0x00000000efd80000,0x00000000f1c00000)
 ParOldGen       total 131072K, used 45411K [0x00000000a0000000, 0x00000000a8000000, 0x00000000e0000000)
  object space 131072K, 34% used [0x00000000a0000000,0x00000000a2c58ec8,0x00000000a8000000)
 Metaspace       used 70028K, capacity 72678K, committed 72704K, reserved 1112064K
  class space    used 9081K, capacity 9710K, committed 9728K, reserved 1048576K
Event: 5216.008 GC heap after
Heap after GC invocations=16 (full 3):
 PSYoungGen      total 290816K, used 4216K [0x00000000e0000000, 0x00000000f6080000, 0x0000000100000000)
  eden space 259584K, 0% used [0x00000000e0000000,0x00000000e0000000,0x00000000efd80000)
  from space 31232K, 13% used [0x00000000efd80000,0x00000000f019e168,0x00000000f1c00000)
  to   space 31232K, 0% used [0x00000000f4200000,0x00000000f4200000,0x00000000f6080000)
 ParOldGen       total 131072K, used 67625K [0x00000000a0000000, 0x00000000a8000000, 0x00000000e0000000)
  object space 131072K, 51% used [0x00000000a0000000,0x00000000a420a440,0x00000000a8000000)
 Metaspace       used 70028K, capacity 72678K, committed 72704K, reserved 1112064K
  class space    used 9081K, capacity 9710K, committed 9728K, reserved 1048576K
}
Event: 5243.168 GC heap before
{Heap before GC invocations=17 (full 3):
 PSYoungGen      total 290816K, used 263800K [0x00000000e0000000, 0x00000000f6080000, 0x0000000100000000)
  eden space 259584K, 100% used [0x00000000e0000000,0x00000000efd80000,0x00000000efd80000)
  from space 31232K, 13% used [0x00000000efd80000,0x00000000f019e168,0x00000000f1c00000)
  to   space 31232K, 0% used [0x00000000f4200000,0x00000000f4200000,0x00000000f6080000)
 ParOldGen       total 131072K, used 67625K [0x00000000a0000000, 0x00000000a8000000, 0x00000000e0000000)
  object space 131072K, 51% used [0x00000000a0000000,0x00000000a420a440,0x00000000a8000000)
 Metaspace       used 72299K, capacity 74962K, committed 75136K, reserved 1114112K
  class space    used 9394K, capacity 10042K, committed 10112K, reserved 1048576K
Event: 5243.183 GC heap after
Heap after GC invocations=17 (full 3):
 PSYoungGen      total 257024K, used 6591K [0x00000000e0000000, 0x00000000f4880000, 0x0000000100000000)
  eden space 250368K, 0% used [0x00000000e0000000,0x00000000e0000000,0x00000000ef480000)
  from space 6656K, 99% used [0x00000000f4200000,0x00000000f486fc50,0x00000000f4880000)
  to   space 30208K, 0% used [0x00000000f0d80000,0x00000000f0d80000,0x00000000f2b00000)
 ParOldGen       total 131072K, used 67633K [0x00000000a0000000, 0x00000000a8000000, 0x00000000e0000000)
  object space 131072K, 51% used [0x00000000a0000000,0x00000000a420c440,0x00000000a8000000)
 Metaspace       used 72299K, capacity 74962K, committed 75136K, reserved 1114112K
  class space    used 9394K, capacity 10042K, committed 10112K, reserved 1048576K
}

